2022-04-20 16:19:45,924 - TJU_VIPLab - INFO - ------------------------------------------------------------

2022-04-20 16:19:47,073 - TJU_VIPLab - INFO - Working on cuda
2022-04-20 16:19:49,379 - TJU_VIPLab - INFO - Total Parameters: 39972, Trainable Parameters: 39972
2022-04-20 16:19:50,429 - TJU_VIPLab - INFO - 
Start Epoch 1 -----------
2022-04-20 16:20:00,279 - TJU_VIPLab - INFO - Epoch 1, [1/50] lr: 0.001000 time: 5.104 loss_l1: 0.279527 loss_ssim: 0.700630 loss: 0.980157
2022-04-20 16:20:00,997 - TJU_VIPLab - INFO - Epoch 1, [2/50] lr: 0.001000 time: 0.532 loss_l1: 0.145262 loss_ssim: 0.503230 loss: 0.648492
2022-04-20 16:20:02,147 - TJU_VIPLab - INFO - Epoch 1, [3/50] lr: 0.001000 time: 0.533 loss_l1: 0.051858 loss_ssim: 0.479836 loss: 0.531694
2022-04-20 16:20:03,157 - TJU_VIPLab - INFO - Epoch 1, [4/50] lr: 0.001000 time: 0.423 loss_l1: 0.061304 loss_ssim: 0.345931 loss: 0.407235
2022-04-20 16:20:04,020 - TJU_VIPLab - INFO - Epoch 1, [5/50] lr: 0.001000 time: 0.266 loss_l1: 0.113902 loss_ssim: 0.538184 loss: 0.652086
2022-04-20 16:20:05,092 - TJU_VIPLab - INFO - 
Start Epoch 2 -----------
2022-04-20 16:20:09,381 - TJU_VIPLab - INFO - Epoch 2, [6/50] lr: 0.001000 time: 4.781 loss_l1: 0.132649 loss_ssim: 0.581913 loss: 0.714563
2022-04-20 16:20:10,638 - TJU_VIPLab - INFO - Epoch 2, [7/50] lr: 0.001000 time: 0.401 loss_l1: 0.034840 loss_ssim: 0.330177 loss: 0.365017
2022-04-20 16:20:11,694 - TJU_VIPLab - INFO - Epoch 2, [8/50] lr: 0.001000 time: 0.472 loss_l1: 0.076160 loss_ssim: 0.483738 loss: 0.559898
2022-04-20 16:20:12,612 - TJU_VIPLab - INFO - Epoch 2, [9/50] lr: 0.001000 time: 0.385 loss_l1: 0.118359 loss_ssim: 0.578191 loss: 0.696550
2022-04-20 16:20:13,605 - TJU_VIPLab - INFO - Epoch 2, [10/50] lr: 0.001000 time: 0.471 loss_l1: 0.038723 loss_ssim: 0.317654 loss: 0.356377
2022-04-20 16:20:14,591 - TJU_VIPLab - INFO - 
Start Epoch 3 -----------
2022-04-20 16:20:18,695 - TJU_VIPLab - INFO - Epoch 3, [11/50] lr: 0.001000 time: 4.543 loss_l1: 0.042365 loss_ssim: 0.347765 loss: 0.390130
2022-04-20 16:20:19,797 - TJU_VIPLab - INFO - Epoch 3, [12/50] lr: 0.001000 time: 0.304 loss_l1: 0.086652 loss_ssim: 0.524515 loss: 0.611167
2022-04-20 16:20:20,727 - TJU_VIPLab - INFO - Epoch 3, [13/50] lr: 0.001000 time: 0.385 loss_l1: 0.144710 loss_ssim: 0.457751 loss: 0.602461
2022-04-20 16:20:21,463 - TJU_VIPLab - INFO - Epoch 3, [14/50] lr: 0.001000 time: 0.203 loss_l1: 0.061696 loss_ssim: 0.373158 loss: 0.434854
2022-04-20 16:20:22,298 - TJU_VIPLab - INFO - Epoch 3, [15/50] lr: 0.001000 time: 0.255 loss_l1: 0.038364 loss_ssim: 0.344090 loss: 0.382454
2022-04-20 16:20:23,484 - TJU_VIPLab - INFO - 
Start Epoch 4 -----------
2022-04-20 16:20:27,441 - TJU_VIPLab - INFO - Epoch 4, [16/50] lr: 0.001000 time: 4.576 loss_l1: 0.056181 loss_ssim: 0.457004 loss: 0.513184
2022-04-20 16:20:28,628 - TJU_VIPLab - INFO - Epoch 4, [17/50] lr: 0.001000 time: 0.454 loss_l1: 0.049654 loss_ssim: 0.382417 loss: 0.432070
2022-04-20 16:20:29,577 - TJU_VIPLab - INFO - Epoch 4, [18/50] lr: 0.001000 time: 0.392 loss_l1: 0.131529 loss_ssim: 0.481301 loss: 0.612830
2022-04-20 16:20:30,479 - TJU_VIPLab - INFO - Epoch 4, [19/50] lr: 0.001000 time: 0.354 loss_l1: 0.048052 loss_ssim: 0.336971 loss: 0.385023
2022-04-20 16:20:31,435 - TJU_VIPLab - INFO - Epoch 4, [20/50] lr: 0.001000 time: 0.401 loss_l1: 0.044771 loss_ssim: 0.369533 loss: 0.414304
2022-04-20 16:20:32,421 - TJU_VIPLab - INFO - 
Start Epoch 5 -----------
2022-04-20 16:20:36,363 - TJU_VIPLab - INFO - Epoch 5, [21/50] lr: 0.001000 time: 4.380 loss_l1: 0.068671 loss_ssim: 0.431099 loss: 0.499770
2022-04-20 16:20:37,481 - TJU_VIPLab - INFO - Epoch 5, [22/50] lr: 0.001000 time: 0.285 loss_l1: 0.052914 loss_ssim: 0.360008 loss: 0.412922
2022-04-20 16:20:38,499 - TJU_VIPLab - INFO - Epoch 5, [23/50] lr: 0.001000 time: 0.447 loss_l1: 0.089955 loss_ssim: 0.428158 loss: 0.518112
2022-04-20 16:20:39,313 - TJU_VIPLab - INFO - Epoch 5, [24/50] lr: 0.001000 time: 0.263 loss_l1: 0.067264 loss_ssim: 0.344383 loss: 0.411647
2022-04-20 16:20:40,126 - TJU_VIPLab - INFO - Epoch 5, [25/50] lr: 0.001000 time: 0.279 loss_l1: 0.049824 loss_ssim: 0.379271 loss: 0.429094
2022-04-20 16:20:41,090 - TJU_VIPLab - INFO - 
Start Epoch 6 -----------
2022-04-20 16:20:45,058 - TJU_VIPLab - INFO - Epoch 6, [26/50] lr: 0.001000 time: 4.373 loss_l1: 0.057577 loss_ssim: 0.400729 loss: 0.458307
2022-04-20 16:20:46,322 - TJU_VIPLab - INFO - Epoch 6, [27/50] lr: 0.001000 time: 0.454 loss_l1: 0.073279 loss_ssim: 0.480323 loss: 0.553602
2022-04-20 16:20:47,065 - TJU_VIPLab - INFO - Epoch 6, [28/50] lr: 0.001000 time: 0.202 loss_l1: 0.056726 loss_ssim: 0.304744 loss: 0.361471
2022-04-20 16:20:47,891 - TJU_VIPLab - INFO - Epoch 6, [29/50] lr: 0.001000 time: 0.284 loss_l1: 0.086947 loss_ssim: 0.387627 loss: 0.474574
2022-04-20 16:20:48,791 - TJU_VIPLab - INFO - Epoch 6, [30/50] lr: 0.001000 time: 0.364 loss_l1: 0.036423 loss_ssim: 0.357884 loss: 0.394307
2022-04-20 16:20:49,956 - TJU_VIPLab - INFO - 
Start Epoch 7 -----------
2022-04-20 16:20:53,888 - TJU_VIPLab - INFO - Epoch 7, [31/50] lr: 0.001000 time: 4.527 loss_l1: 0.039497 loss_ssim: 0.304611 loss: 0.344108
2022-04-20 16:20:54,991 - TJU_VIPLab - INFO - Epoch 7, [32/50] lr: 0.001000 time: 0.247 loss_l1: 0.058674 loss_ssim: 0.445526 loss: 0.504200
2022-04-20 16:20:56,025 - TJU_VIPLab - INFO - Epoch 7, [33/50] lr: 0.001000 time: 0.486 loss_l1: 0.035205 loss_ssim: 0.298603 loss: 0.333808
2022-04-20 16:20:56,842 - TJU_VIPLab - INFO - Epoch 7, [34/50] lr: 0.001000 time: 0.276 loss_l1: 0.132457 loss_ssim: 0.498468 loss: 0.630926
2022-04-20 16:20:57,698 - TJU_VIPLab - INFO - Epoch 7, [35/50] lr: 0.001000 time: 0.315 loss_l1: 0.033858 loss_ssim: 0.338845 loss: 0.372703
2022-04-20 16:20:58,600 - TJU_VIPLab - INFO - 
Start Epoch 8 -----------
2022-04-20 16:21:02,457 - TJU_VIPLab - INFO - Epoch 8, [36/50] lr: 0.001000 time: 4.210 loss_l1: 0.030229 loss_ssim: 0.250309 loss: 0.280538
2022-04-20 16:21:03,428 - TJU_VIPLab - INFO - Epoch 8, [37/50] lr: 0.001000 time: 0.238 loss_l1: 0.035098 loss_ssim: 0.421191 loss: 0.456289
2022-04-20 16:21:04,378 - TJU_VIPLab - INFO - Epoch 8, [38/50] lr: 0.001000 time: 0.417 loss_l1: 0.098684 loss_ssim: 0.525922 loss: 0.624606
2022-04-20 16:21:05,365 - TJU_VIPLab - INFO - Epoch 8, [39/50] lr: 0.001000 time: 0.455 loss_l1: 0.089903 loss_ssim: 0.393932 loss: 0.483835
2022-04-20 16:21:06,314 - TJU_VIPLab - INFO - Epoch 8, [40/50] lr: 0.001000 time: 0.401 loss_l1: 0.054950 loss_ssim: 0.302286 loss: 0.357236
2022-04-20 16:21:07,456 - TJU_VIPLab - INFO - 
Start Epoch 9 -----------
2022-04-20 16:21:11,307 - TJU_VIPLab - INFO - Epoch 9, [41/50] lr: 0.001000 time: 4.433 loss_l1: 0.111881 loss_ssim: 0.468996 loss: 0.580877
2022-04-20 16:21:12,565 - TJU_VIPLab - INFO - Epoch 9, [42/50] lr: 0.001000 time: 0.485 loss_l1: 0.034615 loss_ssim: 0.232219 loss: 0.266835
2022-04-20 16:21:13,368 - TJU_VIPLab - INFO - Epoch 9, [43/50] lr: 0.001000 time: 0.252 loss_l1: 0.056815 loss_ssim: 0.319667 loss: 0.376482
2022-04-20 16:21:14,213 - TJU_VIPLab - INFO - Epoch 9, [44/50] lr: 0.001000 time: 0.302 loss_l1: 0.060764 loss_ssim: 0.469349 loss: 0.530113
2022-04-20 16:21:15,008 - TJU_VIPLab - INFO - Epoch 9, [45/50] lr: 0.001000 time: 0.261 loss_l1: 0.040929 loss_ssim: 0.404687 loss: 0.445616
2022-04-20 16:21:16,099 - TJU_VIPLab - INFO - 
Start Epoch 10 -----------
2022-04-20 16:21:20,001 - TJU_VIPLab - INFO - Epoch 10, [46/50] lr: 0.001000 time: 4.408 loss_l1: 0.037796 loss_ssim: 0.353162 loss: 0.390958
2022-04-20 16:21:21,190 - TJU_VIPLab - INFO - Epoch 10, [47/50] lr: 0.001000 time: 0.465 loss_l1: 0.075939 loss_ssim: 0.428668 loss: 0.504606
2022-04-20 16:21:22,088 - TJU_VIPLab - INFO - Epoch 10, [48/50] lr: 0.001000 time: 0.347 loss_l1: 0.078245 loss_ssim: 0.449781 loss: 0.528027
2022-04-20 16:21:23,066 - TJU_VIPLab - INFO - Epoch 10, [49/50] lr: 0.001000 time: 0.438 loss_l1: 0.064392 loss_ssim: 0.355830 loss: 0.420223
2022-04-20 16:21:23,868 - TJU_VIPLab - INFO - Epoch 10, [50/50] lr: 0.001000 time: 0.247 loss_l1: 0.022933 loss_ssim: 0.283454 loss: 0.306387
2022-04-20 16:21:25,055 - TJU_VIPLab - INFO - Finish Training
